TN:
SF:src\router.ts
FN:25,(anonymous_0)
FN:37,(anonymous_1)
FNF:2
FNH:2
FNDA:4,(anonymous_0)
FNDA:5,(anonymous_1)
DA:1,2
DA:2,2
DA:3,2
DA:4,2
DA:7,2
DA:10,2
DA:13,2
DA:19,2
DA:25,4
DA:30,2
DA:37,5
DA:44,2
DA:49,2
DA:55,2
LF:14
LH:14
BRF:0
BRH:0
end_of_record
TN:
SF:src\server.ts
FN:7,connectDB
FN:27,(anonymous_2)
FNF:2
FNH:2
FNDA:3,connectDB
FNDA:1,(anonymous_2)
DA:1,2
DA:2,2
DA:3,2
DA:4,2
DA:7,2
DA:8,3
DA:9,3
DA:10,2
DA:14,1
DA:15,1
DA:19,2
DA:20,2
DA:23,2
DA:25,2
DA:27,2
DA:28,1
DA:31,2
LF:17
LH:17
BRF:0
BRH:0
end_of_record
TN:
SF:src\config\db.ts
FNF:0
FNH:0
DA:1,2
DA:2,2
DA:3,2
DA:5,2
DA:7,2
DA:12,2
LF:6
LH:6
BRF:0
BRH:0
end_of_record
TN:
SF:src\handlers\product.ts
FN:6,(anonymous_1)
FN:21,(anonymous_2)
FN:42,(anonymous_3)
FN:58,(anonymous_4)
FN:79,(anonymous_5)
FN:102,(anonymous_6)
FNF:6
FNH:6
FNDA:2,(anonymous_1)
FNDA:2,(anonymous_2)
FNDA:1,(anonymous_3)
FNDA:2,(anonymous_4)
FNDA:2,(anonymous_5)
FNDA:2,(anonymous_6)
DA:2,2
DA:6,2
DA:8,2
DA:9,2
DA:14,2
DA:17,0
DA:21,2
DA:22,2
DA:23,2
DA:24,2
DA:28,2
DA:30,1
DA:35,1
DA:37,0
DA:42,2
DA:48,1
DA:49,1
DA:50,1
DA:52,0
DA:58,2
DA:59,2
DA:60,2
DA:61,2
DA:63,2
DA:65,1
DA:70,1
DA:71,1
DA:72,1
DA:75,0
DA:79,2
DA:80,2
DA:81,2
DA:82,2
DA:84,2
DA:86,1
DA:93,1
DA:94,1
DA:95,1
DA:98,0
DA:102,2
DA:103,2
DA:104,2
DA:105,2
DA:107,2
DA:109,1
DA:114,1
DA:115,1
DA:117,0
LF:48
LH:42
BRDA:28,0,0,1
BRDA:28,0,1,1
BRDA:63,1,0,1
BRDA:63,1,1,1
BRDA:84,2,0,1
BRDA:84,2,1,1
BRDA:107,3,0,1
BRDA:107,3,1,1
BRF:8
BRH:8
end_of_record
TN:
SF:src\middleware\index.ts
FN:6,(anonymous_0)
FNF:1
FNH:1
FNDA:14,(anonymous_0)
DA:3,2
DA:6,2
DA:8,14
DA:9,14
DA:10,7
DA:13,7
DA:15,7
LF:7
LH:7
BRDA:9,0,0,7
BRDA:9,0,1,7
BRF:2
BRH:2
end_of_record
TN:
SF:src\models\Product.model.ts
FNF:0
FNH:0
DA:1,3
DA:7,3
DA:11,3
DA:16,3
DA:22,3
DA:26,3
LF:6
LH:6
BRF:0
BRH:0
end_of_record
